<?xml version="1.0" encoding="UTF-8"?>
<beans xmlns="http://www.springframework.org/schema/beans" xmlns:xsi="http://www.w3.org/2001/XMLSchema-instance" xmlns:context="http://www.springframework.org/schema/context" xmlns:aop="http://www.springframework.org/schema/aop" xmlns:tx="http://www.springframework.org/schema/tx" xmlns:ssa="http://www.youisoft.org/schema/ssa" xsi:schemaLocation="http://www.springframework.org/schema/beans http://www.springframework.org/schema/beans/spring-beans-2.5.xsd http://www.springframework.org/schema/context http://www.springframework.org/schema/context/spring-context-2.5.xsd http://www.springframework.org/schema/aop http://www.springframework.org/schema/aop/spring-aop-2.5.xsd http://www.springframework.org/schema/tx http://www.springframework.org/schema/tx/spring-tx-2.5.xsd http://www.youisoft.org/schema/ssa http://www.youisoft.org/schema/ssa/youisoft-ssa-1.0.xsd ">



<bean id="testService" class="com.fost.ssacache.sample.impl.TestServiceImpl"></bean>


<aop:aspectj-autoproxy/>

<ssa:ssa-cache>


<ssa:client name="" adapter="com.fost.ssacache.adapter.FostClientAdapter" group="default" local="false"></ssa:client>


</ssa:ssa-cache>

</beans>